
8월 03, 2021 02:17:42.25 NEW SESSION
8월 03, 2021 02:17:42.25 [16308:15764:0803/021742.022:ERROR:device_event_log_impl.cc(214)] [02:17:42.022] USB: usb_device_handle_win.cc:1048 Failed to read descriptor from node connection: 시스템에 부착된 장치가 작동하지 않습니다. (0x1F)
8월 03, 2021 02:17:42.26 [16308:15764:0803/021742.023:ERROR:device_event_log_impl.cc(214)] [02:17:42.022] USB: usb_device_handle_win.cc:1048 Failed to read descriptor from node connection: 시스템에 부착된 장치가 작동하지 않습니다. (0x1F)
8월 03, 2021 02:17:42.26 [16308:15764:0803/021742.024:ERROR:device_event_log_impl.cc(214)] [02:17:42.024] USB: usb_device_handle_win.cc:1048 Failed to read descriptor from node connection: 시스템에 부착된 장치가 작동하지 않습니다. (0x1F)
8월 03, 2021 02:20:31.57 [12328:16804:0803/022031.057:ERROR:device_event_log_impl.cc(214)] [02:20:31.056] USB: usb_device_handle_win.cc:1048 Failed to read descriptor from node connection: 시스템에 부착된 장치가 작동하지 않습니다. (0x1F)
8월 03, 2021 02:20:31.58 [12328:16804:0803/022031.057:ERROR:device_event_log_impl.cc(214)] [02:20:31.057] USB: usb_device_handle_win.cc:1048 Failed to read descriptor from node connection: 시스템에 부착된 장치가 작동하지 않습니다. (0x1F)
8월 03, 2021 02:20:31.59 [12328:16804:0803/022031.058:ERROR:device_event_log_impl.cc(214)] [02:20:31.058] USB: usb_device_handle_win.cc:1048 Failed to read descriptor from node connection: 시스템에 부착된 장치가 작동하지 않습니다. (0x1F)

8월 03, 2021 10:22:48.342 NEW SESSION
8월 03, 2021 10:22:48.342 [15240:11168:0803/102248.340:ERROR:device_event_log_impl.cc(214)] [10:22:48.340] USB: usb_device_handle_win.cc:1048 Failed to read descriptor from node connection: 시스템에 부착된 장치가 작동하지 않습니다. (0x1F)
8월 03, 2021 10:22:48.342 [15240:11168:0803/102248.340:ERROR:device_event_log_impl.cc(214)] [10:22:48.341] USB: usb_device_handle_win.cc:1048 Failed to read descriptor from node connection: 시스템에 부착된 장치가 작동하지 않습니다. (0x1F)
8월 03, 2021 10:22:48.343 [15240:11168:0803/102248.341:ERROR:device_event_log_impl.cc(214)] [10:22:48.342] USB: usb_device_handle_win.cc:1048 Failed to read descriptor from node connection: 시스템에 부착된 장치가 작동하지 않습니다. (0x1F)
8월 03, 2021 11:11:12.471 [15240:11168:0803/111112.470:ERROR:device_event_log_impl.cc(214)] [11:11:12.467] USB: usb_service_win.cc:258 Failed to get device driver name: 요소가 없습니다. (0x490)

8월 03, 2021 16:22:34.41 NEW SESSION
8월 03, 2021 16:22:34.41 [11020:9212:0803/162234.039:ERROR:device_event_log_impl.cc(214)] [16:22:34.039] USB: usb_device_handle_win.cc:1048 Failed to read descriptor from node connection: 시스템에 부착된 장치가 작동하지 않습니다. (0x1F)
8월 03, 2021 16:22:34.41 [11020:9212:0803/162234.040:ERROR:device_event_log_impl.cc(214)] [16:22:34.040] USB: usb_device_handle_win.cc:1048 Failed to read descriptor from node connection: 시스템에 부착된 장치가 작동하지 않습니다. (0x1F)
8월 03, 2021 16:22:34.42 [11020:9212:0803/162234.041:ERROR:device_event_log_impl.cc(214)] [16:22:34.041] USB: usb_device_handle_win.cc:1048 Failed to read descriptor from node connection: 시스템에 부착된 장치가 작동하지 않습니다. (0x1F)
8월 03, 2021 16:27:32.955 [17572:11932:0803/162732.954:ERROR:device_event_log_impl.cc(214)] [16:27:32.954] USB: usb_device_handle_win.cc:1048 Failed to read descriptor from node connection: 시스템에 부착된 장치가 작동하지 않습니다. (0x1F)
8월 03, 2021 16:27:32.955 [17572:11932:0803/162732.955:ERROR:device_event_log_impl.cc(214)] [16:27:32.955] USB: usb_device_handle_win.cc:1048 Failed to read descriptor from node connection: 시스템에 부착된 장치가 작동하지 않습니다. (0x1F)
8월 03, 2021 16:27:32.956 [17572:11932:0803/162732.956:ERROR:device_event_log_impl.cc(214)] [16:27:32.956] USB: usb_device_handle_win.cc:1048 Failed to read descriptor from node connection: 시스템에 부착된 장치가 작동하지 않습니다. (0x1F)
8월 03, 2021 16:30:13.462 [17572:11932:0803/163013.461:ERROR:CONSOLE(1)] "Session is unregistering, can't dispatch pending call to DOM.getDocument", source: devtools://devtools/bundled/core/sdk/sdk.js (1)
8월 03, 2021 16:30:14.551 [17572:11932:0803/163014.550:ERROR:CONSOLE(1)] "Session is unregistering, can't dispatch pending call to DOM.getDocument", source: devtools://devtools/bundled/core/sdk/sdk.js (1)
8월 03, 2021 16:30:16.409 [17572:11932:0803/163016.408:ERROR:CONSOLE(1)] "Session is unregistering, can't dispatch pending call to DOM.getDocument", source: devtools://devtools/bundled/core/sdk/sdk.js (1)
8월 03, 2021 16:30:18.513 [17572:11932:0803/163018.512:ERROR:CONSOLE(1)] "Session is unregistering, can't dispatch pending call to DOM.getDocument", source: devtools://devtools/bundled/core/sdk/sdk.js (1)
8월 03, 2021 20:46:56.439 [16868:8832:0803/204656.438:ERROR:device_event_log_impl.cc(214)] [20:46:56.437] USB: usb_device_handle_win.cc:1048 Failed to read descriptor from node connection: 시스템에 부착된 장치가 작동하지 않습니다. (0x1F)
8월 03, 2021 20:46:56.439 [16868:8832:0803/204656.438:ERROR:device_event_log_impl.cc(214)] [20:46:56.437] USB: usb_device_handle_win.cc:1048 Failed to read descriptor from node connection: 시스템에 부착된 장치가 작동하지 않습니다. (0x1F)

8월 05, 2021 17:47:11.876 NEW SESSION
8월 05, 2021 17:47:11.876 [4424:4840:0805/174711.873:ERROR:device_event_log_impl.cc(214)] [17:47:11.873] USB: usb_device_handle_win.cc:1048 Failed to read descriptor from node connection: 시스템에 부착된 장치가 작동하지 않습니다. (0x1F)
8월 05, 2021 17:47:11.876 [4424:4840:0805/174711.874:ERROR:device_event_log_impl.cc(214)] [17:47:11.873] USB: usb_device_handle_win.cc:1048 Failed to read descriptor from node connection: 시스템에 부착된 장치가 작동하지 않습니다. (0x1F)
8월 05, 2021 17:47:11.876 [4424:4840:0805/174711.875:ERROR:device_event_log_impl.cc(214)] [17:47:11.875] USB: usb_device_handle_win.cc:1048 Failed to read descriptor from node connection: 시스템에 부착된 장치가 작동하지 않습니다. (0x1F)
8월 05, 2021 17:54:01.814 [3020:13612:0805/175401.814:ERROR:device_event_log_impl.cc(214)] [17:54:01.813] USB: usb_device_handle_win.cc:1048 Failed to read descriptor from node connection: 시스템에 부착된 장치가 작동하지 않습니다. (0x1F)
8월 05, 2021 17:54:01.816 [3020:13612:0805/175401.816:ERROR:device_event_log_impl.cc(214)] [17:54:01.815] USB: usb_device_handle_win.cc:1048 Failed to read descriptor from node connection: 시스템에 부착된 장치가 작동하지 않습니다. (0x1F)
8월 05, 2021 17:54:01.817 [3020:13612:0805/175401.816:ERROR:device_event_log_impl.cc(214)] [17:54:01.815] USB: usb_device_handle_win.cc:1048 Failed to read descriptor from node connection: 시스템에 부착된 장치가 작동하지 않습니다. (0x1F)
8월 05, 2021 17:54:15.342 [15192:17812:0805/175415.342:ERROR:device_event_log_impl.cc(214)] [17:54:15.343] USB: usb_device_handle_win.cc:1048 Failed to read descriptor from node connection: 시스템에 부착된 장치가 작동하지 않습니다. (0x1F)
8월 05, 2021 17:54:15.345 [15192:17812:0805/175415.344:ERROR:device_event_log_impl.cc(214)] [17:54:15.345] USB: usb_device_handle_win.cc:1048 Failed to read descriptor from node connection: 시스템에 부착된 장치가 작동하지 않습니다. (0x1F)
8월 05, 2021 17:55:41.521 [15160:9152:0805/175541.521:ERROR:device_event_log_impl.cc(214)] [17:55:41.521] USB: usb_device_handle_win.cc:1048 Failed to read descriptor from node connection: 시스템에 부착된 장치가 작동하지 않습니다. (0x1F)
8월 05, 2021 17:55:41.524 [15160:9152:0805/175541.523:ERROR:device_event_log_impl.cc(214)] [17:55:41.524] USB: usb_device_handle_win.cc:1048 Failed to read descriptor from node connection: 시스템에 부착된 장치가 작동하지 않습니다. (0x1F)
8월 05, 2021 17:55:41.524 [15160:9152:0805/175541.524:ERROR:device_event_log_impl.cc(214)] [17:55:41.524] USB: usb_device_handle_win.cc:1048 Failed to read descriptor from node connection: 시스템에 부착된 장치가 작동하지 않습니다. (0x1F)
8월 05, 2021 17:56:36.26 [3280:14464:0805/175636.026:ERROR:device_event_log_impl.cc(214)] [17:56:36.026] USB: usb_device_handle_win.cc:1048 Failed to read descriptor from node connection: 시스템에 부착된 장치가 작동하지 않습니다. (0x1F)
8월 05, 2021 17:56:36.29 [3280:14464:0805/175636.029:ERROR:device_event_log_impl.cc(214)] [17:56:36.029] USB: usb_device_handle_win.cc:1048 Failed to read descriptor from node connection: 시스템에 부착된 장치가 작동하지 않습니다. (0x1F)
8월 05, 2021 17:56:36.30 [3280:14464:0805/175636.029:ERROR:device_event_log_impl.cc(214)] [17:56:36.029] USB: usb_device_handle_win.cc:1048 Failed to read descriptor from node connection: 시스템에 부착된 장치가 작동하지 않습니다. (0x1F)

8월 05, 2021 18:15:54.141 NEW SESSION
8월 05, 2021 18:15:54.142 [1980:5672:0805/181554.139:ERROR:device_event_log_impl.cc(214)] [18:15:54.139] USB: usb_device_handle_win.cc:1048 Failed to read descriptor from node connection: 시스템에 부착된 장치가 작동하지 않습니다. (0x1F)
8월 05, 2021 18:15:54.142 [1980:5672:0805/181554.140:ERROR:device_event_log_impl.cc(214)] [18:15:54.140] USB: usb_device_handle_win.cc:1048 Failed to read descriptor from node connection: 시스템에 부착된 장치가 작동하지 않습니다. (0x1F)
8월 05, 2021 18:15:54.143 [1980:5672:0805/181554.142:ERROR:device_event_log_impl.cc(214)] [18:15:54.141] USB: usb_device_handle_win.cc:1048 Failed to read descriptor from node connection: 시스템에 부착된 장치가 작동하지 않습니다. (0x1F)
8월 05, 2021 21:48:30.379 [1584:11552:0805/214830.379:ERROR:device_event_log_impl.cc(214)] [21:48:30.379] USB: usb_device_handle_win.cc:1048 Failed to read descriptor from node connection: 시스템에 부착된 장치가 작동하지 않습니다. (0x1F)
8월 05, 2021 21:48:30.381 [1584:11552:0805/214830.381:ERROR:device_event_log_impl.cc(214)] [21:48:30.381] USB: usb_device_handle_win.cc:1048 Failed to read descriptor from node connection: 시스템에 부착된 장치가 작동하지 않습니다. (0x1F)
8월 05, 2021 21:50:47.177 [5312:11612:0805/215047.176:ERROR:device_event_log_impl.cc(214)] [21:50:47.176] USB: usb_device_handle_win.cc:1048 Failed to read descriptor from node connection: 시스템에 부착된 장치가 작동하지 않습니다. (0x1F)
8월 05, 2021 21:50:47.177 [5312:11612:0805/215047.177:ERROR:device_event_log_impl.cc(214)] [21:50:47.177] USB: usb_device_handle_win.cc:1048 Failed to read descriptor from node connection: 시스템에 부착된 장치가 작동하지 않습니다. (0x1F)
8월 05, 2021 21:50:47.178 [5312:11612:0805/215047.178:ERROR:device_event_log_impl.cc(214)] [21:50:47.178] USB: usb_device_handle_win.cc:1048 Failed to read descriptor from node connection: 시스템에 부착된 장치가 작동하지 않습니다. (0x1F)
8월 05, 2021 21:52:42.457 [10136:17900:0805/215242.456:ERROR:device_event_log_impl.cc(214)] [21:52:42.456] USB: usb_device_handle_win.cc:1048 Failed to read descriptor from node connection: 시스템에 부착된 장치가 작동하지 않습니다. (0x1F)
8월 05, 2021 21:52:42.457 [10136:17900:0805/215242.457:ERROR:device_event_log_impl.cc(214)] [21:52:42.457] USB: usb_device_handle_win.cc:1048 Failed to read descriptor from node connection: 시스템에 부착된 장치가 작동하지 않습니다. (0x1F)
8월 05, 2021 21:52:42.459 [10136:17900:0805/215242.458:ERROR:device_event_log_impl.cc(214)] [21:52:42.458] USB: usb_device_handle_win.cc:1048 Failed to read descriptor from node connection: 시스템에 부착된 장치가 작동하지 않습니다. (0x1F)
8월 05, 2021 21:55:57.124 [10368:1588:0805/215557.124:ERROR:device_event_log_impl.cc(214)] [21:55:57.124] USB: usb_device_handle_win.cc:1048 Failed to read descriptor from node connection: 시스템에 부착된 장치가 작동하지 않습니다. (0x1F)
8월 05, 2021 21:55:57.125 [10368:1588:0805/215557.125:ERROR:device_event_log_impl.cc(214)] [21:55:57.124] USB: usb_device_handle_win.cc:1048 Failed to read descriptor from node connection: 시스템에 부착된 장치가 작동하지 않습니다. (0x1F)
8월 05, 2021 21:55:57.126 [10368:1588:0805/215557.126:ERROR:device_event_log_impl.cc(214)] [21:55:57.126] USB: usb_device_handle_win.cc:1048 Failed to read descriptor from node connection: 시스템에 부착된 장치가 작동하지 않습니다. (0x1F)
8월 05, 2021 21:57:16.394 [13332:16076:0805/215716.394:ERROR:device_event_log_impl.cc(214)] [21:57:16.394] USB: usb_device_handle_win.cc:1048 Failed to read descriptor from node connection: 시스템에 부착된 장치가 작동하지 않습니다. (0x1F)
8월 05, 2021 21:57:16.395 [13332:16076:0805/215716.394:ERROR:device_event_log_impl.cc(214)] [21:57:16.394] USB: usb_device_handle_win.cc:1048 Failed to read descriptor from node connection: 시스템에 부착된 장치가 작동하지 않습니다. (0x1F)
8월 05, 2021 21:57:16.396 [13332:16076:0805/215716.396:ERROR:device_event_log_impl.cc(214)] [21:57:16.395] USB: usb_device_handle_win.cc:1048 Failed to read descriptor from node connection: 시스템에 부착된 장치가 작동하지 않습니다. (0x1F)
8월 05, 2021 22:00:17.571 [4876:2060:0805/220017.571:ERROR:device_event_log_impl.cc(214)] [22:00:17.571] USB: usb_device_handle_win.cc:1048 Failed to read descriptor from node connection: 시스템에 부착된 장치가 작동하지 않습니다. (0x1F)
8월 05, 2021 22:00:17.572 [4876:2060:0805/220017.572:ERROR:device_event_log_impl.cc(214)] [22:00:17.572] USB: usb_device_handle_win.cc:1048 Failed to read descriptor from node connection: 시스템에 부착된 장치가 작동하지 않습니다. (0x1F)
8월 05, 2021 22:00:17.573 [4876:2060:0805/220017.573:ERROR:device_event_log_impl.cc(214)] [22:00:17.573] USB: usb_device_handle_win.cc:1048 Failed to read descriptor from node connection: 시스템에 부착된 장치가 작동하지 않습니다. (0x1F)
8월 05, 2021 22:07:44.302 [4280:15692:0805/220744.301:ERROR:device_event_log_impl.cc(214)] [22:07:44.301] USB: usb_device_handle_win.cc:1048 Failed to read descriptor from node connection: 시스템에 부착된 장치가 작동하지 않습니다. (0x1F)
8월 05, 2021 22:07:44.302 [4280:15692:0805/220744.302:ERROR:device_event_log_impl.cc(214)] [22:07:44.302] USB: usb_device_handle_win.cc:1048 Failed to read descriptor from node connection: 시스템에 부착된 장치가 작동하지 않습니다. (0x1F)
8월 05, 2021 22:07:44.303 [4280:15692:0805/220744.303:ERROR:device_event_log_impl.cc(214)] [22:07:44.303] USB: usb_device_handle_win.cc:1048 Failed to read descriptor from node connection: 시스템에 부착된 장치가 작동하지 않습니다. (0x1F)
8월 05, 2021 22:25:26.538 [14900:10436:0805/222526.537:ERROR:device_event_log_impl.cc(214)] [22:25:26.537] USB: usb_device_handle_win.cc:1048 Failed to read descriptor from node connection: 시스템에 부착된 장치가 작동하지 않습니다. (0x1F)
8월 05, 2021 22:25:26.538 [14900:10436:0805/222526.538:ERROR:device_event_log_impl.cc(214)] [22:25:26.538] USB: usb_device_handle_win.cc:1048 Failed to read descriptor from node connection: 시스템에 부착된 장치가 작동하지 않습니다. (0x1F)
8월 05, 2021 22:25:26.539 [14900:10436:0805/222526.539:ERROR:device_event_log_impl.cc(214)] [22:25:26.539] USB: usb_device_handle_win.cc:1048 Failed to read descriptor from node connection: 시스템에 부착된 장치가 작동하지 않습니다. (0x1F)
8월 05, 2021 22:36:14.224 [1756:17808:0805/223614.224:ERROR:device_event_log_impl.cc(214)] [22:36:14.225] USB: usb_device_handle_win.cc:1048 Failed to read descriptor from node connection: 시스템에 부착된 장치가 작동하지 않습니다. (0x1F)
8월 05, 2021 22:36:14.225 [1756:17808:0805/223614.224:ERROR:device_event_log_impl.cc(214)] [22:36:14.225] USB: usb_device_handle_win.cc:1048 Failed to read descriptor from node connection: 시스템에 부착된 장치가 작동하지 않습니다. (0x1F)
8월 05, 2021 22:36:14.226 [1756:17808:0805/223614.226:ERROR:device_event_log_impl.cc(214)] [22:36:14.226] USB: usb_device_handle_win.cc:1048 Failed to read descriptor from node connection: 시스템에 부착된 장치가 작동하지 않습니다. (0x1F)
8월 05, 2021 22:46:27.599 [11888:1900:0805/224627.599:ERROR:device_event_log_impl.cc(214)] [22:46:27.599] USB: usb_device_handle_win.cc:1048 Failed to read descriptor from node connection: 시스템에 부착된 장치가 작동하지 않습니다. (0x1F)
8월 05, 2021 22:46:27.599 [11888:1900:0805/224627.599:ERROR:device_event_log_impl.cc(214)] [22:46:27.600] USB: usb_device_handle_win.cc:1048 Failed to read descriptor from node connection: 시스템에 부착된 장치가 작동하지 않습니다. (0x1F)
8월 05, 2021 22:46:27.600 [11888:1900:0805/224627.600:ERROR:device_event_log_impl.cc(214)] [22:46:27.600] USB: usb_device_handle_win.cc:1048 Failed to read descriptor from node connection: 시스템에 부착된 장치가 작동하지 않습니다. (0x1F)

8월 06, 2021 03:16:34.85 NEW SESSION
8월 06, 2021 03:16:34.85 [16600:8452:0806/031634.082:ERROR:device_event_log_impl.cc(214)] [03:16:34.082] USB: usb_device_handle_win.cc:1048 Failed to read descriptor from node connection: 시스템에 부착된 장치가 작동하지 않습니다. (0x1F)
8월 06, 2021 03:16:34.86 [16600:8452:0806/031634.084:ERROR:device_event_log_impl.cc(214)] [03:16:34.084] USB: usb_device_handle_win.cc:1048 Failed to read descriptor from node connection: 시스템에 부착된 장치가 작동하지 않습니다. (0x1F)
8월 06, 2021 03:16:34.86 [16600:8452:0806/031634.084:ERROR:device_event_log_impl.cc(214)] [03:16:34.084] USB: usb_device_handle_win.cc:1048 Failed to read descriptor from node connection: 시스템에 부착된 장치가 작동하지 않습니다. (0x1F)
8월 06, 2021 03:19:50.766 [16252:9208:0806/031950.766:ERROR:device_event_log_impl.cc(214)] [03:19:50.765] USB: usb_device_handle_win.cc:1048 Failed to read descriptor from node connection: 시스템에 부착된 장치가 작동하지 않습니다. (0x1F)
8월 06, 2021 03:19:50.768 [16252:9208:0806/031950.768:ERROR:device_event_log_impl.cc(214)] [03:19:50.767] USB: usb_device_handle_win.cc:1048 Failed to read descriptor from node connection: 시스템에 부착된 장치가 작동하지 않습니다. (0x1F)
8월 06, 2021 03:21:22.68 [14576:17248:0806/032122.068:ERROR:device_event_log_impl.cc(214)] [03:21:22.068] USB: usb_device_handle_win.cc:1048 Failed to read descriptor from node connection: 시스템에 부착된 장치가 작동하지 않습니다. (0x1F)
8월 06, 2021 03:21:22.71 [14576:17248:0806/032122.071:ERROR:device_event_log_impl.cc(214)] [03:21:22.070] USB: usb_device_handle_win.cc:1048 Failed to read descriptor from node connection: 시스템에 부착된 장치가 작동하지 않습니다. (0x1F)
8월 06, 2021 03:24:09.370 [15840:2492:0806/032409.370:ERROR:device_event_log_impl.cc(214)] [03:24:09.371] USB: usb_device_handle_win.cc:1048 Failed to read descriptor from node connection: 시스템에 부착된 장치가 작동하지 않습니다. (0x1F)
8월 06, 2021 03:24:09.371 [15840:2492:0806/032409.371:ERROR:device_event_log_impl.cc(214)] [03:24:09.372] USB: usb_device_handle_win.cc:1048 Failed to read descriptor from node connection: 시스템에 부착된 장치가 작동하지 않습니다. (0x1F)
8월 06, 2021 03:24:09.372 [15840:2492:0806/032409.372:ERROR:device_event_log_impl.cc(214)] [03:24:09.373] USB: usb_device_handle_win.cc:1048 Failed to read descriptor from node connection: 시스템에 부착된 장치가 작동하지 않습니다. (0x1F)
8월 06, 2021 03:28:04.261 [3568:10500:0806/032804.260:ERROR:device_event_log_impl.cc(214)] [03:28:04.260] USB: usb_device_handle_win.cc:1048 Failed to read descriptor from node connection: 시스템에 부착된 장치가 작동하지 않습니다. (0x1F)
8월 06, 2021 03:28:04.262 [3568:10500:0806/032804.262:ERROR:device_event_log_impl.cc(214)] [03:28:04.262] USB: usb_device_handle_win.cc:1048 Failed to read descriptor from node connection: 시스템에 부착된 장치가 작동하지 않습니다. (0x1F)
8월 06, 2021 03:28:04.263 [3568:10500:0806/032804.262:ERROR:device_event_log_impl.cc(214)] [03:28:04.262] USB: usb_device_handle_win.cc:1048 Failed to read descriptor from node connection: 시스템에 부착된 장치가 작동하지 않습니다. (0x1F)

8월 06, 2021 09:18:31.994 NEW SESSION
8월 06, 2021 09:18:31.994 [17092:12192:0806/091831.992:ERROR:device_event_log_impl.cc(214)] [09:18:31.992] USB: usb_device_handle_win.cc:1048 Failed to read descriptor from node connection: 시스템에 부착된 장치가 작동하지 않습니다. (0x1F)
8월 06, 2021 09:18:31.994 [17092:12192:0806/091831.992:ERROR:device_event_log_impl.cc(214)] [09:18:31.992] USB: usb_device_handle_win.cc:1048 Failed to read descriptor from node connection: 시스템에 부착된 장치가 작동하지 않습니다. (0x1F)
8월 06, 2021 09:18:31.995 [17092:12192:0806/091831.994:ERROR:device_event_log_impl.cc(214)] [09:18:31.994] USB: usb_device_handle_win.cc:1048 Failed to read descriptor from node connection: 시스템에 부착된 장치가 작동하지 않습니다. (0x1F)

8월 06, 2021 17:36:56.300 NEW SESSION
8월 06, 2021 17:36:56.300 [3996:16188:0806/173656.298:ERROR:device_event_log_impl.cc(214)] [17:36:56.298] USB: usb_device_handle_win.cc:1048 Failed to read descriptor from node connection: 시스템에 부착된 장치가 작동하지 않습니다. (0x1F)
8월 06, 2021 17:36:56.300 [3996:16188:0806/173656.299:ERROR:device_event_log_impl.cc(214)] [17:36:56.299] USB: usb_device_handle_win.cc:1048 Failed to read descriptor from node connection: 시스템에 부착된 장치가 작동하지 않습니다. (0x1F)
8월 06, 2021 17:36:56.301 [3996:16188:0806/173656.300:ERROR:device_event_log_impl.cc(214)] [17:36:56.301] USB: usb_device_handle_win.cc:1048 Failed to read descriptor from node connection: 시스템에 부착된 장치가 작동하지 않습니다. (0x1F)
8월 06, 2021 17:39:12.528 [1112:12448:0806/173912.527:ERROR:device_event_log_impl.cc(214)] [17:39:12.527] USB: usb_device_handle_win.cc:1048 Failed to read descriptor from node connection: 시스템에 부착된 장치가 작동하지 않습니다. (0x1F)
8월 06, 2021 17:39:12.528 [1112:12448:0806/173912.528:ERROR:device_event_log_impl.cc(214)] [17:39:12.528] USB: usb_device_handle_win.cc:1048 Failed to read descriptor from node connection: 시스템에 부착된 장치가 작동하지 않습니다. (0x1F)
8월 06, 2021 17:39:12.530 [1112:12448:0806/173912.529:ERROR:device_event_log_impl.cc(214)] [17:39:12.529] USB: usb_device_handle_win.cc:1048 Failed to read descriptor from node connection: 시스템에 부착된 장치가 작동하지 않습니다. (0x1F)
8월 06, 2021 17:50:32.555 [10820:8144:0806/175032.555:ERROR:device_event_log_impl.cc(214)] [17:50:32.555] USB: usb_device_handle_win.cc:1048 Failed to read descriptor from node connection: 시스템에 부착된 장치가 작동하지 않습니다. (0x1F)
8월 06, 2021 17:50:32.557 [10820:8144:0806/175032.556:ERROR:device_event_log_impl.cc(214)] [17:50:32.556] USB: usb_device_handle_win.cc:1048 Failed to read descriptor from node connection: 시스템에 부착된 장치가 작동하지 않습니다. (0x1F)
8월 06, 2021 17:50:32.558 [10820:8144:0806/175032.557:ERROR:device_event_log_impl.cc(214)] [17:50:32.557] USB: usb_device_handle_win.cc:1048 Failed to read descriptor from node connection: 시스템에 부착된 장치가 작동하지 않습니다. (0x1F)
8월 06, 2021 17:52:41.934 [16652:17964:0806/175241.933:ERROR:device_event_log_impl.cc(214)] [17:52:41.932] USB: usb_device_handle_win.cc:1048 Failed to read descriptor from node connection: 시스템에 부착된 장치가 작동하지 않습니다. (0x1F)
8월 06, 2021 17:52:41.934 [16652:17964:0806/175241.934:ERROR:device_event_log_impl.cc(214)] [17:52:41.933] USB: usb_device_handle_win.cc:1048 Failed to read descriptor from node connection: 시스템에 부착된 장치가 작동하지 않습니다. (0x1F)
8월 06, 2021 17:52:41.936 [16652:17964:0806/175241.935:ERROR:device_event_log_impl.cc(214)] [17:52:41.934] USB: usb_device_handle_win.cc:1048 Failed to read descriptor from node connection: 시스템에 부착된 장치가 작동하지 않습니다. (0x1F)
8월 06, 2021 17:54:36.918 [4152:13868:0806/175436.918:ERROR:device_event_log_impl.cc(214)] [17:54:36.917] USB: usb_device_handle_win.cc:1048 Failed to read descriptor from node connection: 시스템에 부착된 장치가 작동하지 않습니다. (0x1F)
8월 06, 2021 17:54:36.919 [4152:13868:0806/175436.919:ERROR:device_event_log_impl.cc(214)] [17:54:36.918] USB: usb_device_handle_win.cc:1048 Failed to read descriptor from node connection: 시스템에 부착된 장치가 작동하지 않습니다. (0x1F)
8월 06, 2021 17:54:36.920 [4152:13868:0806/175436.920:ERROR:device_event_log_impl.cc(214)] [17:54:36.919] USB: usb_device_handle_win.cc:1048 Failed to read descriptor from node connection: 시스템에 부착된 장치가 작동하지 않습니다. (0x1F)
8월 06, 2021 18:00:41.970 [7312:9200:0806/180041.970:ERROR:device_event_log_impl.cc(214)] [18:00:41.970] USB: usb_device_handle_win.cc:1048 Failed to read descriptor from node connection: 시스템에 부착된 장치가 작동하지 않습니다. (0x1F)
8월 06, 2021 18:00:41.971 [7312:9200:0806/180041.970:ERROR:device_event_log_impl.cc(214)] [18:00:41.971] USB: usb_device_handle_win.cc:1048 Failed to read descriptor from node connection: 시스템에 부착된 장치가 작동하지 않습니다. (0x1F)
8월 06, 2021 18:00:41.971 [7312:9200:0806/180041.971:ERROR:device_event_log_impl.cc(214)] [18:00:41.972] USB: usb_device_handle_win.cc:1048 Failed to read descriptor from node connection: 시스템에 부착된 장치가 작동하지 않습니다. (0x1F)
8월 06, 2021 18:12:25.74 [9272:13184:0806/181225.074:ERROR:device_event_log_impl.cc(214)] [18:12:25.075] USB: usb_device_handle_win.cc:1048 Failed to read descriptor from node connection: 시스템에 부착된 장치가 작동하지 않습니다. (0x1F)
8월 06, 2021 18:12:25.75 [9272:13184:0806/181225.075:ERROR:device_event_log_impl.cc(214)] [18:12:25.076] USB: usb_device_handle_win.cc:1048 Failed to read descriptor from node connection: 시스템에 부착된 장치가 작동하지 않습니다. (0x1F)
8월 06, 2021 18:12:25.76 [9272:13184:0806/181225.076:ERROR:device_event_log_impl.cc(214)] [18:12:25.077] USB: usb_device_handle_win.cc:1048 Failed to read descriptor from node connection: 시스템에 부착된 장치가 작동하지 않습니다. (0x1F)
8월 06, 2021 18:13:00.51 [9272:13184:0806/181300.051:ERROR:CONSOLE(1)] "Session is unregistering, can't dispatch pending call to DOM.getDocument", source: devtools://devtools/bundled/core/sdk/sdk.js (1)
8월 06, 2021 18:13:09.34 [9272:13184:0806/181309.033:ERROR:CONSOLE(1)] "Session is unregistering, can't dispatch pending call to DOM.getDocument", source: devtools://devtools/bundled/core/sdk/sdk.js (1)
8월 06, 2021 18:13:21.480 [9272:13184:0806/181321.480:ERROR:CONSOLE(1)] "Session is unregistering, can't dispatch pending call to DOM.getDocument", source: devtools://devtools/bundled/core/sdk/sdk.js (1)
8월 06, 2021 18:17:48.622 [6244:10924:0806/181748.622:ERROR:device_event_log_impl.cc(214)] [18:17:48.622] USB: usb_device_handle_win.cc:1048 Failed to read descriptor from node connection: 시스템에 부착된 장치가 작동하지 않습니다. (0x1F)
8월 06, 2021 18:17:48.623 [6244:10924:0806/181748.623:ERROR:device_event_log_impl.cc(214)] [18:17:48.623] USB: usb_device_handle_win.cc:1048 Failed to read descriptor from node connection: 시스템에 부착된 장치가 작동하지 않습니다. (0x1F)
8월 06, 2021 18:17:48.624 [6244:10924:0806/181748.624:ERROR:device_event_log_impl.cc(214)] [18:17:48.624] USB: usb_device_handle_win.cc:1048 Failed to read descriptor from node connection: 시스템에 부착된 장치가 작동하지 않습니다. (0x1F)

8월 06, 2021 22:02:01.439 NEW SESSION
8월 06, 2021 22:02:01.439 [3168:9768:0806/220201.435:ERROR:backend_impl.cc(1044)] Critical error found -8
8월 06, 2021 22:02:03.588 [3168:13608:0806/220203.587:ERROR:device_event_log_impl.cc(214)] [22:02:03.588] USB: usb_device_handle_win.cc:1048 Failed to read descriptor from node connection: 시스템에 부착된 장치가 작동하지 않습니다. (0x1F)
8월 06, 2021 22:02:03.590 [3168:13608:0806/220203.590:ERROR:device_event_log_impl.cc(214)] [22:02:03.590] USB: usb_device_handle_win.cc:1048 Failed to read descriptor from node connection: 시스템에 부착된 장치가 작동하지 않습니다. (0x1F)
8월 06, 2021 22:02:38.592 [10160:2888:0806/220238.592:ERROR:device_event_log_impl.cc(214)] [22:02:38.591] USB: usb_device_handle_win.cc:1048 Failed to read descriptor from node connection: 시스템에 부착된 장치가 작동하지 않습니다. (0x1F)
8월 06, 2021 22:02:38.594 [10160:2888:0806/220238.594:ERROR:device_event_log_impl.cc(214)] [22:02:38.593] USB: usb_device_handle_win.cc:1048 Failed to read descriptor from node connection: 시스템에 부착된 장치가 작동하지 않습니다. (0x1F)
8월 06, 2021 22:02:38.594 [10160:2888:0806/220238.594:ERROR:device_event_log_impl.cc(214)] [22:02:38.593] USB: usb_device_handle_win.cc:1048 Failed to read descriptor from node connection: 시스템에 부착된 장치가 작동하지 않습니다. (0x1F)
8월 06, 2021 22:07:37.848 [8968:8984:0806/220737.847:ERROR:device_event_log_impl.cc(214)] [22:07:37.847] USB: usb_device_handle_win.cc:1048 Failed to read descriptor from node connection: 시스템에 부착된 장치가 작동하지 않습니다. (0x1F)
8월 06, 2021 22:07:37.848 [8968:8984:0806/220737.848:ERROR:device_event_log_impl.cc(214)] [22:07:37.847] USB: usb_device_handle_win.cc:1048 Failed to read descriptor from node connection: 시스템에 부착된 장치가 작동하지 않습니다. (0x1F)
8월 06, 2021 22:07:37.849 [8968:8984:0806/220737.849:ERROR:device_event_log_impl.cc(214)] [22:07:37.848] USB: usb_device_handle_win.cc:1048 Failed to read descriptor from node connection: 시스템에 부착된 장치가 작동하지 않습니다. (0x1F)

8월 07, 2021 20:20:21.511 NEW SESSION
8월 07, 2021 20:20:21.511 [2936:14676:0807/202021.508:ERROR:device_event_log_impl.cc(214)] [20:20:21.509] USB: usb_device_handle_win.cc:1048 Failed to read descriptor from node connection: 시스템에 부착된 장치가 작동하지 않습니다. (0x1F)
8월 07, 2021 20:20:21.512 [2936:14676:0807/202021.510:ERROR:device_event_log_impl.cc(214)] [20:20:21.510] USB: usb_device_handle_win.cc:1048 Failed to read descriptor from node connection: 시스템에 부착된 장치가 작동하지 않습니다. (0x1F)
8월 07, 2021 20:20:21.513 [2936:14676:0807/202021.511:ERROR:device_event_log_impl.cc(214)] [20:20:21.512] USB: usb_device_handle_win.cc:1048 Failed to read descriptor from node connection: 시스템에 부착된 장치가 작동하지 않습니다. (0x1F)
8월 07, 2021 20:28:22.184 [6044:11164:0807/202822.184:ERROR:device_event_log_impl.cc(214)] [20:28:22.184] USB: usb_device_handle_win.cc:1048 Failed to read descriptor from node connection: 시스템에 부착된 장치가 작동하지 않습니다. (0x1F)
8월 07, 2021 20:28:22.185 [6044:11164:0807/202822.185:ERROR:device_event_log_impl.cc(214)] [20:28:22.185] USB: usb_device_handle_win.cc:1048 Failed to read descriptor from node connection: 시스템에 부착된 장치가 작동하지 않습니다. (0x1F)
8월 07, 2021 20:28:22.191 [6044:11164:0807/202822.191:ERROR:device_event_log_impl.cc(214)] [20:28:22.191] USB: usb_device_handle_win.cc:1048 Failed to read descriptor from node connection: 시스템에 부착된 장치가 작동하지 않습니다. (0x1F)
8월 07, 2021 20:31:44.780 [11632:15272:0807/203144.779:ERROR:device_event_log_impl.cc(214)] [20:31:44.779] USB: usb_device_handle_win.cc:1048 Failed to read descriptor from node connection: 시스템에 부착된 장치가 작동하지 않습니다. (0x1F)
8월 07, 2021 20:31:44.781 [11632:15272:0807/203144.780:ERROR:device_event_log_impl.cc(214)] [20:31:44.780] USB: usb_device_handle_win.cc:1048 Failed to read descriptor from node connection: 시스템에 부착된 장치가 작동하지 않습니다. (0x1F)
8월 07, 2021 20:31:44.782 [11632:15272:0807/203144.782:ERROR:device_event_log_impl.cc(214)] [20:31:44.781] USB: usb_device_handle_win.cc:1048 Failed to read descriptor from node connection: 시스템에 부착된 장치가 작동하지 않습니다. (0x1F)
8월 07, 2021 20:37:11.566 [3516:8688:0807/203711.565:ERROR:device_event_log_impl.cc(214)] [20:37:11.566] USB: usb_device_handle_win.cc:1048 Failed to read descriptor from node connection: 시스템에 부착된 장치가 작동하지 않습니다. (0x1F)
8월 07, 2021 20:37:11.566 [3516:8688:0807/203711.566:ERROR:device_event_log_impl.cc(214)] [20:37:11.567] USB: usb_device_handle_win.cc:1048 Failed to read descriptor from node connection: 시스템에 부착된 장치가 작동하지 않습니다. (0x1F)
8월 07, 2021 20:37:11.568 [3516:8688:0807/203711.567:ERROR:device_event_log_impl.cc(214)] [20:37:11.568] USB: usb_device_handle_win.cc:1048 Failed to read descriptor from node connection: 시스템에 부착된 장치가 작동하지 않습니다. (0x1F)
8월 07, 2021 20:39:56.288 [6560:6896:0807/203956.288:ERROR:device_event_log_impl.cc(214)] [20:39:56.287] USB: usb_device_handle_win.cc:1048 Failed to read descriptor from node connection: 시스템에 부착된 장치가 작동하지 않습니다. (0x1F)
8월 07, 2021 20:39:56.289 [6560:6896:0807/203956.288:ERROR:device_event_log_impl.cc(214)] [20:39:56.288] USB: usb_device_handle_win.cc:1048 Failed to read descriptor from node connection: 시스템에 부착된 장치가 작동하지 않습니다. (0x1F)
8월 07, 2021 20:39:56.290 [6560:6896:0807/203956.290:ERROR:device_event_log_impl.cc(214)] [20:39:56.289] USB: usb_device_handle_win.cc:1048 Failed to read descriptor from node connection: 시스템에 부착된 장치가 작동하지 않습니다. (0x1F)
8월 07, 2021 20:43:39.293 [7148:8596:0807/204339.292:ERROR:device_event_log_impl.cc(214)] [20:43:39.292] USB: usb_device_handle_win.cc:1048 Failed to read descriptor from node connection: 시스템에 부착된 장치가 작동하지 않습니다. (0x1F)
8월 07, 2021 20:43:39.293 [7148:8596:0807/204339.293:ERROR:device_event_log_impl.cc(214)] [20:43:39.293] USB: usb_device_handle_win.cc:1048 Failed to read descriptor from node connection: 시스템에 부착된 장치가 작동하지 않습니다. (0x1F)
8월 07, 2021 20:43:39.294 [7148:8596:0807/204339.294:ERROR:device_event_log_impl.cc(214)] [20:43:39.294] USB: usb_device_handle_win.cc:1048 Failed to read descriptor from node connection: 시스템에 부착된 장치가 작동하지 않습니다. (0x1F)
8월 07, 2021 20:45:46.281 [11136:5760:0807/204546.281:ERROR:device_event_log_impl.cc(214)] [20:45:46.281] USB: usb_device_handle_win.cc:1048 Failed to read descriptor from node connection: 시스템에 부착된 장치가 작동하지 않습니다. (0x1F)
8월 07, 2021 20:45:46.282 [11136:5760:0807/204546.282:ERROR:device_event_log_impl.cc(214)] [20:45:46.282] USB: usb_device_handle_win.cc:1048 Failed to read descriptor from node connection: 시스템에 부착된 장치가 작동하지 않습니다. (0x1F)
8월 07, 2021 20:45:46.284 [11136:5760:0807/204546.283:ERROR:device_event_log_impl.cc(214)] [20:45:46.283] USB: usb_device_handle_win.cc:1048 Failed to read descriptor from node connection: 시스템에 부착된 장치가 작동하지 않습니다. (0x1F)
8월 07, 2021 20:52:06.446 [11628:14668:0807/205206.445:ERROR:device_event_log_impl.cc(214)] [20:52:06.446] USB: usb_device_handle_win.cc:1048 Failed to read descriptor from node connection: 시스템에 부착된 장치가 작동하지 않습니다. (0x1F)
8월 07, 2021 20:52:06.447 [11628:14668:0807/205206.447:ERROR:device_event_log_impl.cc(214)] [20:52:06.447] USB: usb_device_handle_win.cc:1048 Failed to read descriptor from node connection: 시스템에 부착된 장치가 작동하지 않습니다. (0x1F)
8월 07, 2021 20:52:06.449 [11628:14668:0807/205206.449:ERROR:device_event_log_impl.cc(214)] [20:52:06.449] USB: usb_device_handle_win.cc:1048 Failed to read descriptor from node connection: 시스템에 부착된 장치가 작동하지 않습니다. (0x1F)
8월 07, 2021 20:54:25.386 [2808:6108:0807/205425.385:ERROR:device_event_log_impl.cc(214)] [20:54:25.385] USB: usb_device_handle_win.cc:1048 Failed to read descriptor from node connection: 시스템에 부착된 장치가 작동하지 않습니다. (0x1F)
8월 07, 2021 20:54:25.386 [2808:6108:0807/205425.386:ERROR:device_event_log_impl.cc(214)] [20:54:25.386] USB: usb_device_handle_win.cc:1048 Failed to read descriptor from node connection: 시스템에 부착된 장치가 작동하지 않습니다. (0x1F)
8월 07, 2021 20:54:25.388 [2808:6108:0807/205425.388:ERROR:device_event_log_impl.cc(214)] [20:54:25.388] USB: usb_device_handle_win.cc:1048 Failed to read descriptor from node connection: 시스템에 부착된 장치가 작동하지 않습니다. (0x1F)
